Connecting to database specified by database.yml
Connecting to database specified by database.yml


Started POST "/api/v1/signup" for 192.168.1.64 at 2014-03-06 06:10:46 -0800

ActionController::RoutingError (undefined method `devise' for #<Class:0x00000006a57430>):
  app/models/user.rb:4:in `<class:User>'
  app/models/user.rb:1:in `<top (required)>'
  app/controllers/api/v1/users_controller.rb:3:in `<module:V1>'
  app/controllers/api/v1/users_controller.rb:2:in `<module:Api>'
  app/controllers/api/v1/users_controller.rb:1:in `<top (required)>'


  Rendered /home/a5hpip3/.rvm/gems/ruby-2.0.0-p353/gems/actionpack-3.2.13/lib/action_dispatch/middleware/templates/rescues/routing_error.erb within rescues/layout (2.1ms)


Started POST "/api/v1/signup" for 192.168.1.64 at 2014-03-06 06:13:25 -0800
Processing by UsersController#new as JSON
  Parameters: {"user"=>{"first_name"=>"Chandan", "last_name"=>"Kumar", "email"=>"chandan.kumar@rsystems.com", "password"=>"[FILTERED]", "password_confirmation"=>"[FILTERED]"}}
Completed 500 Internal Server Error in 31ms

ActionView::MissingTemplate (Missing template users/new, application/new with {:locale=>[:en], :formats=>[:json], :handlers=>[:erb, :builder, :coffee, :haml, :rabl]}. Searched in:
  * "/home/a5hpip3/Desktop/MiddlMen/reech_alpha/app/views"
  * "/home/a5hpip3/.rvm/gems/ruby-2.0.0-p353/gems/devise-3.2.2/app/views"
  * "/home/a5hpip3/.rvm/gems/ruby-2.0.0-p353/gems/twitter-bootstrap-rails-2.2.8/app/views"
):
  actionpack (3.2.13) lib/action_view/path_set.rb:58:in `find'
  actionpack (3.2.13) lib/action_view/lookup_context.rb:109:in `find'
  actionpack (3.2.13) lib/action_view/renderer/abstract_renderer.rb:3:in `find_template'
  actionpack (3.2.13) lib/action_view/renderer/template_renderer.rb:34:in `determine_template'
  actionpack (3.2.13) lib/action_view/renderer/template_renderer.rb:10:in `render'
  actionpack (3.2.13) lib/action_view/renderer/renderer.rb:36:in `render_template'
  actionpack (3.2.13) lib/action_view/renderer/renderer.rb:17:in `render'
  actionpack (3.2.13) lib/abstract_controller/rendering.rb:110:in `_render_template'
  actionpack (3.2.13) lib/action_controller/metal/streaming.rb:225:in `_render_template'
  actionpack (3.2.13) lib/abstract_controller/rendering.rb:103:in `render_to_body'
  actionpack (3.2.13) lib/action_controller/metal/renderers.rb:28:in `render_to_body'
  actionpack (3.2.13) lib/action_controller/metal/compatibility.rb:50:in `render_to_body'
  actionpack (3.2.13) lib/abstract_controller/rendering.rb:88:in `render'
  actionpack (3.2.13) lib/action_controller/metal/rendering.rb:16:in `render'
  actionpack (3.2.13) lib/action_controller/metal/instrumentation.rb:40:in `block (2 levels) in render'
  activesupport (3.2.13) lib/active_support/core_ext/benchmark.rb:5:in `block in ms'
  /home/a5hpip3/.rvm/rubies/ruby-2.0.0-p353/lib/ruby/2.0.0/benchmark.rb:296:in `realtime'
  activesupport (3.2.13) lib/active_support/core_ext/benchmark.rb:5:in `ms'
  actionpack (3.2.13) lib/action_controller/metal/instrumentation.rb:40:in `block in render'
  actionpack (3.2.13) lib/action_controller/metal/instrumentation.rb:83:in `cleanup_view_runtime'
  activerecord (3.2.13) lib/active_record/railties/controller_runtime.rb:24:in `cleanup_view_runtime'
  actionpack (3.2.13) lib/action_controller/metal/instrumentation.rb:39:in `render'
  actionpack (3.2.13) lib/action_controller/metal/implicit_render.rb:10:in `default_render'
  actionpack (3.2.13) lib/action_controller/metal/implicit_render.rb:5:in `send_action'
  actionpack (3.2.13) lib/abstract_controller/base.rb:167:in `process_action'
  actionpack (3.2.13) lib/action_controller/metal/rendering.rb:10:in `process_action'
  actionpack (3.2.13) lib/abstract_controller/callbacks.rb:18:in `block in process_action'
  activesupport (3.2.13) lib/active_support/callbacks.rb:414:in `_run__469008208306650292__process_action__2514037582600497862__callbacks'
  activesupport (3.2.13) lib/active_support/callbacks.rb:405:in `__run_callback'
  activesupport (3.2.13) lib/active_support/callbacks.rb:385:in `_run_process_action_callbacks'
  activesupport (3.2.13) lib/active_support/callbacks.rb:81:in `run_callbacks'
  actionpack (3.2.13) lib/abstract_controller/callbacks.rb:17:in `process_action'
  actionpack (3.2.13) lib/action_controller/metal/rescue.rb:29:in `process_action'
  actionpack (3.2.13) lib/action_controller/metal/instrumentation.rb:30:in `block in process_action'
  activesupport (3.2.13) lib/active_support/notifications.rb:123:in `block in instrument'
  activesupport (3.2.13) lib/active_support/notifications/instrumenter.rb:20:in `instrument'
  activesupport (3.2.13) lib/active_support/notifications.rb:123:in `instrument'
  actionpack (3.2.13) lib/action_controller/metal/instrumentation.rb:29:in `process_action'
  actionpack (3.2.13) lib/action_controller/metal/params_wrapper.rb:207:in `process_action'
  activerecord (3.2.13) lib/active_record/railties/controller_runtime.rb:18:in `process_action'
  actionpack (3.2.13) lib/abstract_controller/base.rb:121:in `process'
  actionpack (3.2.13) lib/abstract_controller/rendering.rb:45:in `process'
  actionpack (3.2.13) lib/action_controller/metal.rb:203:in `dispatch'
  actionpack (3.2.13) lib/action_controller/metal/rack_delegation.rb:14:in `dispatch'
  actionpack (3.2.13) lib/action_controller/metal.rb:246:in `block in action'
  actionpack (3.2.13) lib/action_dispatch/routing/route_set.rb:73:in `call'
  actionpack (3.2.13) lib/action_dispatch/routing/route_set.rb:73:in `dispatch'
  actionpack (3.2.13) lib/action_dispatch/routing/route_set.rb:36:in `call'
  journey (1.0.4) lib/journey/router.rb:68:in `block in call'
  journey (1.0.4) lib/journey/router.rb:56:in `each'
  journey (1.0.4) lib/journey/router.rb:56:in `call'
  actionpack (3.2.13) lib/action_dispatch/routing/route_set.rb:612:in `call'
  omniauth (1.1.4) lib/omniauth/strategy.rb:184:in `call!'
  omniauth (1.1.4) lib/omniauth/strategy.rb:164:in `call'
  omniauth (1.1.4) lib/omniauth/strategy.rb:184:in `call!'
  omniauth (1.1.4) lib/omniauth/strategy.rb:164:in `call'
  omniauth (1.1.4) lib/omniauth/strategy.rb:184:in `call!'
  omniauth (1.1.4) lib/omniauth/strategy.rb:164:in `call'
  omniauth (1.1.4) lib/omniauth/strategy.rb:184:in `call!'
  omniauth (1.1.4) lib/omniauth/strategy.rb:164:in `call'
  omniauth (1.1.4) lib/omniauth/strategy.rb:184:in `call!'
  omniauth (1.1.4) lib/omniauth/strategy.rb:164:in `call'
  omniauth (1.1.4) lib/omniauth/builder.rb:49:in `call'
  api-versions (1.2.0) lib/api-versions/middleware.rb:22:in `call'
  warden (1.2.3) lib/warden/manager.rb:35:in `block in call'
  warden (1.2.3) lib/warden/manager.rb:34:in `catch'
  warden (1.2.3) lib/warden/manager.rb:34:in `call'
  actionpack (3.2.13) lib/action_dispatch/middleware/best_standards_support.rb:17:in `call'
  rack (1.4.5) lib/rack/etag.rb:23:in `call'
  rack (1.4.5) lib/rack/conditionalget.rb:35:in `call'
  actionpack (3.2.13) lib/action_dispatch/middleware/head.rb:14:in `call'
  actionpack (3.2.13) lib/action_dispatch/middleware/params_parser.rb:21:in `call'
  actionpack (3.2.13) lib/action_dispatch/middleware/flash.rb:242:in `call'
  rack (1.4.5) lib/rack/session/abstract/id.rb:210:in `context'
  rack (1.4.5) lib/rack/session/abstract/id.rb:205:in `call'
  actionpack (3.2.13) lib/action_dispatch/middleware/cookies.rb:341:in `call'
  activerecord (3.2.13) lib/active_record/query_cache.rb:64:in `call'
  activerecord (3.2.13) lib/active_record/connection_adapters/abstract/connection_pool.rb:479:in `call'
  actionpack (3.2.13) lib/action_dispatch/middleware/callbacks.rb:28:in `block in call'
  activesupport (3.2.13) lib/active_support/callbacks.rb:405:in `_run__4189373100772687708__call__1426590733982897156__callbacks'
  activesupport (3.2.13) lib/active_support/callbacks.rb:405:in `__run_callback'
  activesupport (3.2.13) lib/active_support/callbacks.rb:385:in `_run_call_callbacks'
  activesupport (3.2.13) lib/active_support/callbacks.rb:81:in `run_callbacks'
  actionpack (3.2.13) lib/action_dispatch/middleware/callbacks.rb:27:in `call'
  actionpack (3.2.13) lib/action_dispatch/middleware/reloader.rb:65:in `call'
  actionpack (3.2.13) lib/action_dispatch/middleware/remote_ip.rb:31:in `call'
  actionpack (3.2.13) lib/action_dispatch/middleware/debug_exceptions.rb:16:in `call'
  actionpack (3.2.13) lib/action_dispatch/middleware/show_exceptions.rb:56:in `call'
  railties (3.2.13) lib/rails/rack/logger.rb:32:in `call_app'
  railties (3.2.13) lib/rails/rack/logger.rb:16:in `block in call'
  activesupport (3.2.13) lib/active_support/tagged_logging.rb:22:in `tagged'
  railties (3.2.13) lib/rails/rack/logger.rb:16:in `call'
  actionpack (3.2.13) lib/action_dispatch/middleware/request_id.rb:22:in `call'
  rack (1.4.5) lib/rack/methodoverride.rb:21:in `call'
  rack (1.4.5) lib/rack/runtime.rb:17:in `call'
  activesupport (3.2.13) lib/active_support/cache/strategy/local_cache.rb:72:in `call'
  rack (1.4.5) lib/rack/lock.rb:15:in `call'
  actionpack (3.2.13) lib/action_dispatch/middleware/static.rb:63:in `call'
  railties (3.2.13) lib/rails/engine.rb:479:in `call'
  railties (3.2.13) lib/rails/application.rb:223:in `call'
  rack (1.4.5) lib/rack/content_length.rb:14:in `call'
  railties (3.2.13) lib/rails/rack/log_tailer.rb:17:in `call'
  thin (1.6.1) lib/thin/connection.rb:82:in `block in pre_process'
  thin (1.6.1) lib/thin/connection.rb:80:in `catch'
  thin (1.6.1) lib/thin/connection.rb:80:in `pre_process'
  thin (1.6.1) lib/thin/connection.rb:55:in `process'
  thin (1.6.1) lib/thin/connection.rb:41:in `receive_data'
  eventmachine (1.0.3) lib/eventmachine.rb:187:in `run_machine'
  eventmachine (1.0.3) lib/eventmachine.rb:187:in `run'
  thin (1.6.1) lib/thin/backends/base.rb:73:in `start'
  thin (1.6.1) lib/thin/server.rb:162:in `start'
  rack (1.4.5) lib/rack/handler/thin.rb:13:in `run'
  rack (1.4.5) lib/rack/server.rb:268:in `start'
  railties (3.2.13) lib/rails/commands/server.rb:70:in `start'
  railties (3.2.13) lib/rails/commands.rb:55:in `block in <top (required)>'
  railties (3.2.13) lib/rails/commands.rb:50:in `tap'
  railties (3.2.13) lib/rails/commands.rb:50:in `<top (required)>'
  script/rails:6:in `require'
  script/rails:6:in `<main>'


  Rendered /home/a5hpip3/.rvm/gems/ruby-2.0.0-p353/gems/actionpack-3.2.13/lib/action_dispatch/middleware/templates/rescues/missing_template.erb within rescues/layout (0.4ms)


Started POST "/api/v1/signup" for 192.168.1.64 at 2014-03-06 06:13:39 -0800
Processing by UsersController#new as JSON
  Parameters: {"user"=>{"first_name"=>"asdf", "last_name"=>"Kasdf", "email"=>"chasdf.kasdfar@rsystems.com", "password"=>"[FILTERED]", "password_confirmation"=>"[FILTERED]"}}
Completed 500 Internal Server Error in 2ms

ActionView::MissingTemplate (Missing template users/new, application/new with {:locale=>[:en], :formats=>[:json], :handlers=>[:erb, :builder, :coffee, :haml, :rabl]}. Searched in:
  * "/home/a5hpip3/Desktop/MiddlMen/reech_alpha/app/views"
  * "/home/a5hpip3/.rvm/gems/ruby-2.0.0-p353/gems/devise-3.2.2/app/views"
  * "/home/a5hpip3/.rvm/gems/ruby-2.0.0-p353/gems/twitter-bootstrap-rails-2.2.8/app/views"
):
  actionpack (3.2.13) lib/action_view/path_set.rb:58:in `find'
  actionpack (3.2.13) lib/action_view/lookup_context.rb:109:in `find'
  actionpack (3.2.13) lib/action_view/renderer/abstract_renderer.rb:3:in `find_template'
  actionpack (3.2.13) lib/action_view/renderer/template_renderer.rb:34:in `determine_template'
  actionpack (3.2.13) lib/action_view/renderer/template_renderer.rb:10:in `render'
  actionpack (3.2.13) lib/action_view/renderer/renderer.rb:36:in `render_template'
  actionpack (3.2.13) lib/action_view/renderer/renderer.rb:17:in `render'
  actionpack (3.2.13) lib/abstract_controller/rendering.rb:110:in `_render_template'
  actionpack (3.2.13) lib/action_controller/metal/streaming.rb:225:in `_render_template'
  actionpack (3.2.13) lib/abstract_controller/rendering.rb:103:in `render_to_body'
  actionpack (3.2.13) lib/action_controller/metal/renderers.rb:28:in `render_to_body'
  actionpack (3.2.13) lib/action_controller/metal/compatibility.rb:50:in `render_to_body'
  actionpack (3.2.13) lib/abstract_controller/rendering.rb:88:in `render'
  actionpack (3.2.13) lib/action_controller/metal/rendering.rb:16:in `render'
  actionpack (3.2.13) lib/action_controller/metal/instrumentation.rb:40:in `block (2 levels) in render'
  activesupport (3.2.13) lib/active_support/core_ext/benchmark.rb:5:in `block in ms'
  /home/a5hpip3/.rvm/rubies/ruby-2.0.0-p353/lib/ruby/2.0.0/benchmark.rb:296:in `realtime'
  activesupport (3.2.13) lib/active_support/core_ext/benchmark.rb:5:in `ms'
  actionpack (3.2.13) lib/action_controller/metal/instrumentation.rb:40:in `block in render'
  actionpack (3.2.13) lib/action_controller/metal/instrumentation.rb:83:in `cleanup_view_runtime'
  activerecord (3.2.13) lib/active_record/railties/controller_runtime.rb:24:in `cleanup_view_runtime'
  actionpack (3.2.13) lib/action_controller/metal/instrumentation.rb:39:in `render'
  actionpack (3.2.13) lib/action_controller/metal/implicit_render.rb:10:in `default_render'
  actionpack (3.2.13) lib/action_controller/metal/implicit_render.rb:5:in `send_action'
  actionpack (3.2.13) lib/abstract_controller/base.rb:167:in `process_action'
  actionpack (3.2.13) lib/action_controller/metal/rendering.rb:10:in `process_action'
  actionpack (3.2.13) lib/abstract_controller/callbacks.rb:18:in `block in process_action'
  activesupport (3.2.13) lib/active_support/callbacks.rb:414:in `_run__469008208306650292__process_action__2514037582600497862__callbacks'
  activesupport (3.2.13) lib/active_support/callbacks.rb:405:in `__run_callback'
  activesupport (3.2.13) lib/active_support/callbacks.rb:385:in `_run_process_action_callbacks'
  activesupport (3.2.13) lib/active_support/callbacks.rb:81:in `run_callbacks'
  actionpack (3.2.13) lib/abstract_controller/callbacks.rb:17:in `process_action'
  actionpack (3.2.13) lib/action_controller/metal/rescue.rb:29:in `process_action'
  actionpack (3.2.13) lib/action_controller/metal/instrumentation.rb:30:in `block in process_action'
  activesupport (3.2.13) lib/active_support/notifications.rb:123:in `block in instrument'
  activesupport (3.2.13) lib/active_support/notifications/instrumenter.rb:20:in `instrument'
  activesupport (3.2.13) lib/active_support/notifications.rb:123:in `instrument'
  actionpack (3.2.13) lib/action_controller/metal/instrumentation.rb:29:in `process_action'
  actionpack (3.2.13) lib/action_controller/metal/params_wrapper.rb:207:in `process_action'
  activerecord (3.2.13) lib/active_record/railties/controller_runtime.rb:18:in `process_action'
  actionpack (3.2.13) lib/abstract_controller/base.rb:121:in `process'
  actionpack (3.2.13) lib/abstract_controller/rendering.rb:45:in `process'
  actionpack (3.2.13) lib/action_controller/metal.rb:203:in `dispatch'
  actionpack (3.2.13) lib/action_controller/metal/rack_delegation.rb:14:in `dispatch'
  actionpack (3.2.13) lib/action_controller/metal.rb:246:in `block in action'
  actionpack (3.2.13) lib/action_dispatch/routing/route_set.rb:73:in `call'
  actionpack (3.2.13) lib/action_dispatch/routing/route_set.rb:73:in `dispatch'
  actionpack (3.2.13) lib/action_dispatch/routing/route_set.rb:36:in `call'
  journey (1.0.4) lib/journey/router.rb:68:in `block in call'
  journey (1.0.4) lib/journey/router.rb:56:in `each'
  journey (1.0.4) lib/journey/router.rb:56:in `call'
  actionpack (3.2.13) lib/action_dispatch/routing/route_set.rb:612:in `call'
  omniauth (1.1.4) lib/omniauth/strategy.rb:184:in `call!'
  omniauth (1.1.4) lib/omniauth/strategy.rb:164:in `call'
  omniauth (1.1.4) lib/omniauth/strategy.rb:184:in `call!'
  omniauth (1.1.4) lib/omniauth/strategy.rb:164:in `call'
  omniauth (1.1.4) lib/omniauth/strategy.rb:184:in `call!'
  omniauth (1.1.4) lib/omniauth/strategy.rb:164:in `call'
  omniauth (1.1.4) lib/omniauth/strategy.rb:184:in `call!'
  omniauth (1.1.4) lib/omniauth/strategy.rb:164:in `call'
  omniauth (1.1.4) lib/omniauth/strategy.rb:184:in `call!'
  omniauth (1.1.4) lib/omniauth/strategy.rb:164:in `call'
  omniauth (1.1.4) lib/omniauth/builder.rb:49:in `call'
  api-versions (1.2.0) lib/api-versions/middleware.rb:22:in `call'
  warden (1.2.3) lib/warden/manager.rb:35:in `block in call'
  warden (1.2.3) lib/warden/manager.rb:34:in `catch'
  warden (1.2.3) lib/warden/manager.rb:34:in `call'
  actionpack (3.2.13) lib/action_dispatch/middleware/best_standards_support.rb:17:in `call'
  rack (1.4.5) lib/rack/etag.rb:23:in `call'
  rack (1.4.5) lib/rack/conditionalget.rb:35:in `call'
  actionpack (3.2.13) lib/action_dispatch/middleware/head.rb:14:in `call'
  actionpack (3.2.13) lib/action_dispatch/middleware/params_parser.rb:21:in `call'
  actionpack (3.2.13) lib/action_dispatch/middleware/flash.rb:242:in `call'
  rack (1.4.5) lib/rack/session/abstract/id.rb:210:in `context'
  rack (1.4.5) lib/rack/session/abstract/id.rb:205:in `call'
  actionpack (3.2.13) lib/action_dispatch/middleware/cookies.rb:341:in `call'
  activerecord (3.2.13) lib/active_record/query_cache.rb:64:in `call'
  activerecord (3.2.13) lib/active_record/connection_adapters/abstract/connection_pool.rb:479:in `call'
  actionpack (3.2.13) lib/action_dispatch/middleware/callbacks.rb:28:in `block in call'
  activesupport (3.2.13) lib/active_support/callbacks.rb:405:in `_run__4189373100772687708__call__1426590733982897156__callbacks'
  activesupport (3.2.13) lib/active_support/callbacks.rb:405:in `__run_callback'
  activesupport (3.2.13) lib/active_support/callbacks.rb:385:in `_run_call_callbacks'
  activesupport (3.2.13) lib/active_support/callbacks.rb:81:in `run_callbacks'
  actionpack (3.2.13) lib/action_dispatch/middleware/callbacks.rb:27:in `call'
  actionpack (3.2.13) lib/action_dispatch/middleware/reloader.rb:65:in `call'
  actionpack (3.2.13) lib/action_dispatch/middleware/remote_ip.rb:31:in `call'
  actionpack (3.2.13) lib/action_dispatch/middleware/debug_exceptions.rb:16:in `call'
  actionpack (3.2.13) lib/action_dispatch/middleware/show_exceptions.rb:56:in `call'
  railties (3.2.13) lib/rails/rack/logger.rb:32:in `call_app'
  railties (3.2.13) lib/rails/rack/logger.rb:16:in `block in call'
  activesupport (3.2.13) lib/active_support/tagged_logging.rb:22:in `tagged'
  railties (3.2.13) lib/rails/rack/logger.rb:16:in `call'
  actionpack (3.2.13) lib/action_dispatch/middleware/request_id.rb:22:in `call'
  rack (1.4.5) lib/rack/methodoverride.rb:21:in `call'
  rack (1.4.5) lib/rack/runtime.rb:17:in `call'
  activesupport (3.2.13) lib/active_support/cache/strategy/local_cache.rb:72:in `call'
  rack (1.4.5) lib/rack/lock.rb:15:in `call'
  actionpack (3.2.13) lib/action_dispatch/middleware/static.rb:63:in `call'
  railties (3.2.13) lib/rails/engine.rb:479:in `call'
  railties (3.2.13) lib/rails/application.rb:223:in `call'
  rack (1.4.5) lib/rack/content_length.rb:14:in `call'
  railties (3.2.13) lib/rails/rack/log_tailer.rb:17:in `call'
  thin (1.6.1) lib/thin/connection.rb:82:in `block in pre_process'
  thin (1.6.1) lib/thin/connection.rb:80:in `catch'
  thin (1.6.1) lib/thin/connection.rb:80:in `pre_process'
  thin (1.6.1) lib/thin/connection.rb:55:in `process'
  thin (1.6.1) lib/thin/connection.rb:41:in `receive_data'
  eventmachine (1.0.3) lib/eventmachine.rb:187:in `run_machine'
  eventmachine (1.0.3) lib/eventmachine.rb:187:in `run'
  thin (1.6.1) lib/thin/backends/base.rb:73:in `start'
  thin (1.6.1) lib/thin/server.rb:162:in `start'
  rack (1.4.5) lib/rack/handler/thin.rb:13:in `run'
  rack (1.4.5) lib/rack/server.rb:268:in `start'
  railties (3.2.13) lib/rails/commands/server.rb:70:in `start'
  railties (3.2.13) lib/rails/commands.rb:55:in `block in <top (required)>'
  railties (3.2.13) lib/rails/commands.rb:50:in `tap'
  railties (3.2.13) lib/rails/commands.rb:50:in `<top (required)>'
  script/rails:6:in `require'
  script/rails:6:in `<main>'


  Rendered /home/a5hpip3/.rvm/gems/ruby-2.0.0-p353/gems/actionpack-3.2.13/lib/action_dispatch/middleware/templates/rescues/missing_template.erb within rescues/layout (0.4ms)


Started POST "/api/v1/signup" for 192.168.1.64 at 2014-03-06 06:14:44 -0800
Processing by Api::V1::UsersController#new as JSON
  Parameters: {"user"=>{"first_name"=>"asdf", "last_name"=>"Kasdf", "email"=>"chasdf.kasdfar@rsystems.com", "password"=>"[FILTERED]", "password_confirmation"=>"[FILTERED]"}}
Completed 201 Created in 29ms (Views: 1.6ms | ActiveRecord: 0.0ms)


Started POST "/api/v1/signup" for 192.168.1.64 at 2014-03-06 06:16:34 -0800
Processing by Api::V1::UsersController#new as JSON
  Parameters: {"user"=>{"first_name"=>"JJJ", "last_name"=>"Kasdf", "email"=>"JJJ.KKKK@rsystems.com", "password"=>"[FILTERED]", "password_confirmation"=>"[FILTERED]"}}
Completed 201 Created in 29ms (Views: 1.4ms | ActiveRecord: 0.0ms)


Started POST "/api/v1/signup" for 192.168.1.64 at 2014-03-06 06:19:03 -0800
Processing by Api::V1::UsersController#new as JSON
  Parameters: {"user"=>{"first_name"=>"This", "last_name"=>"ISNOT", "email"=>"working@rsystems.com", "password"=>"[FILTERED]", "password_confirmation"=>"[FILTERED]"}}
Completed 201 Created in 6ms (Views: 1.6ms | ActiveRecord: 0.0ms)
Connecting to database specified by database.yml
Connecting to database specified by database.yml
Connecting to database specified by database.yml
Connecting to database specified by database.yml
Connecting to database specified by database.yml


Started POST "/api/v1/signup" for 192.168.1.64 at 2014-03-06 06:28:38 -0800
Processing by Api::V1::UsersController#new as JSON
  Parameters: {"user"=>{"first_name"=>"This", "last_name"=>"ISNOT", "email"=>"working@rsystems.com", "password"=>"[FILTERED]", "password_confirmation"=>"[FILTERED]"}}
Completed 201 Created in 32ms (Views: 2.6ms | ActiveRecord: 0.0ms)


Started POST "/api/v1/signup" for 192.168.1.64 at 2014-03-06 06:32:51 -0800
Processing by Api::V1::UsersController#create as JSON
  Parameters: {"user"=>{"first_name"=>"This", "last_name"=>"ISNOT", "email"=>"working@rsystems.com", "password"=>"[FILTERED]", "password_confirmation"=>"[FILTERED]"}}
  [1m[36m (0.6ms)[0m  [1mBEGIN[0m
  [1m[35mUser Exists (8.4ms)[0m  SELECT 1 AS one FROM `users` WHERE `users`.`email` = 'working@rsystems.com' LIMIT 1
  [1m[36mUser Exists (3.0ms)[0m  [1mSELECT 1 AS one FROM `users` WHERE `users`.`persistence_token` = BINARY '7320fd2b3b16c154144f42316423555d09e8e65bb39559e03ed71017a850dd5f24feb39a12cc791b3f56c47805648295ac46496b165c5efbad53f67eca58b0be' LIMIT 1[0m
  [1m[35mUser Exists (0.4ms)[0m  SELECT 1 AS one FROM `users` WHERE `users`.`single_access_token` = BINARY 'XX107D9JaBCW0OmavjSz' LIMIT 1
  [1m[36mUser Load (1.2ms)[0m  [1mSELECT `users`.* FROM `users` WHERE `users`.`id` = 1 LIMIT 1[0m
  [1m[35m (6.3ms)[0m  UPDATE `users` SET `last_request_at` = '2014-03-06 14:32:52', `updated_at` = '2014-03-06 14:32:52', `omniauth_data` = 'null' WHERE `users`.`id` = 1
  [1m[36mUser Exists (0.6ms)[0m  [1mSELECT 1 AS one FROM `users` WHERE `users`.`profile_id` = 'xdHbOftYQE8=' LIMIT 1[0m
  [1m[35mUser Exists (0.1ms)[0m  SELECT 1 AS one FROM `users` WHERE `users`.`reecher_id` = 'Reecher-80163736677' LIMIT 1
  [1m[36mSQL (3.5ms)[0m  [1mINSERT INTO `users` (`created_at`, `crypted_password`, `current_login_at`, `current_login_ip`, `email`, `encrypted_password`, `failed_login_count`, `first_name`, `last_login_at`, `last_login_ip`, `last_name`, `last_request_at`, `level`, `login_count`, `omniauth_data`, `password_salt`, `persistence_token`, `profile_id`, `profile_name`, `reecher_id`, `remember_created_at`, `reset_password_sent_at`, `reset_password_token`, `sash_id`, `single_access_token`, `updated_at`) VALUES ('2014-03-06 14:32:52', '56aea901e982de65b90eba2625e6f8d2474c2bed25d82f8b00ffc0f195bb5ebad6897427f3c219073c142e6547534730ee9b6960c72448067d94de3f30e29fb8', NULL, NULL, 'working@rsystems.com', '', 0, 'This', NULL, NULL, 'ISNOT', NULL, 0, 0, NULL, '6a5ksCqz3t69EPqi2F', '7320fd2b3b16c154144f42316423555d09e8e65bb39559e03ed71017a850dd5f24feb39a12cc791b3f56c47805648295ac46496b165c5efbad53f67eca58b0be', 'xdHbOftYQE8=', 'reecher', 'Reecher-80163736677', NULL, NULL, NULL, NULL, 'XX107D9JaBCW0OmavjSz', '2014-03-06 14:32:52')[0m
  [1m[35mSQL (1.0ms)[0m  INSERT INTO `user_profiles` (`bio`, `reecher_fav_books`, `reecher_fav_cuisines`, `reecher_fav_destinations`, `reecher_fav_movies`, `reecher_fav_music`, `reecher_fav_sports`, `reecher_hobbies`, `reecher_id`, `reecher_interests`, `snippet`) VALUES (NULL, NULL, NULL, NULL, NULL, NULL, NULL, NULL, 'Reecher-80163736677', NULL, NULL)
  [1m[36m (6.3ms)[0m  [1mCOMMIT[0m
  [1m[35m (0.1ms)[0m  BEGIN
  [1m[36mApiKey Exists (1.2ms)[0m  [1mSELECT 1 AS one FROM `api_keys` WHERE `api_keys`.`access_token` = '4c5130ae1123721da93d14d9806ffe27' LIMIT 1[0m
  [1m[35mSQL (0.8ms)[0m  INSERT INTO `api_keys` (`access_token`, `created_at`, `updated_at`, `user_id`) VALUES ('4c5130ae1123721da93d14d9806ffe27', '2014-03-06 14:32:52', '2014-03-06 14:32:52', NULL)
  [1m[36m (0.7ms)[0m  [1mCOMMIT[0m
Completed 406 Not Acceptable in 204ms (Views: 0.3ms | ActiveRecord: 36.4ms)
Connecting to database specified by database.yml


Started POST "/api/v1/signup" for 192.168.1.64 at 2014-03-06 06:33:22 -0800
Processing by Api::V1::UsersController#create as JSON
  Parameters: {"user"=>{"first_name"=>"This", "last_name"=>"ISNOT", "email"=>"working@rsystems2.com", "password"=>"[FILTERED]", "password_confirmation"=>"[FILTERED]"}}
  [1m[36m (0.1ms)[0m  [1mBEGIN[0m
  [1m[35mUser Exists (0.4ms)[0m  SELECT 1 AS one FROM `users` WHERE `users`.`email` = 'working@rsystems2.com' LIMIT 1
  [1m[36mUser Exists (0.2ms)[0m  [1mSELECT 1 AS one FROM `users` WHERE `users`.`persistence_token` = BINARY 'a5aae656260c442289ec12db3590a11fadc74e8db1622ffac277bb41656800bcf36b82bd27f247c2f2b9a4b74d1829a6a8a4aca733257ac1c12a072cd22bad70' LIMIT 1[0m
  [1m[35mUser Exists (0.2ms)[0m  SELECT 1 AS one FROM `users` WHERE `users`.`single_access_token` = BINARY 'bSOVWTowmItyBtn' LIMIT 1
  [1m[36mUser Load (0.2ms)[0m  [1mSELECT `users`.* FROM `users` WHERE `users`.`id` = 1 LIMIT 1[0m
  [1m[35m (0.7ms)[0m  UPDATE `users` SET `last_request_at` = '2014-03-06 14:33:23', `updated_at` = '2014-03-06 14:33:23', `omniauth_data` = 'null' WHERE `users`.`id` = 1
  [1m[36mUser Exists (0.2ms)[0m  [1mSELECT 1 AS one FROM `users` WHERE `users`.`profile_id` = 'k3q55aHgiIs=' LIMIT 1[0m
  [1m[35mUser Exists (0.1ms)[0m  SELECT 1 AS one FROM `users` WHERE `users`.`reecher_id` = 'Reecher-26978733417' LIMIT 1
  [1m[36mSQL (0.8ms)[0m  [1mINSERT INTO `users` (`created_at`, `crypted_password`, `current_login_at`, `current_login_ip`, `email`, `encrypted_password`, `failed_login_count`, `first_name`, `last_login_at`, `last_login_ip`, `last_name`, `last_request_at`, `level`, `login_count`, `omniauth_data`, `password_salt`, `persistence_token`, `profile_id`, `profile_name`, `reecher_id`, `remember_created_at`, `reset_password_sent_at`, `reset_password_token`, `sash_id`, `single_access_token`, `updated_at`) VALUES ('2014-03-06 14:33:23', '6791efd6a61b5f9aebc6a5a9d236e9e78ba360c29d795b9db3827c36319fa4eeedc4e7a8871f8e8013e3e66159968475c1412a423dbdea20ead72aff28ca8e1d', NULL, NULL, 'working@rsystems2.com', '', 0, 'This', NULL, NULL, 'ISNOT', NULL, 0, 0, NULL, '4cYPjTZdtW4OHoqafetr', 'a5aae656260c442289ec12db3590a11fadc74e8db1622ffac277bb41656800bcf36b82bd27f247c2f2b9a4b74d1829a6a8a4aca733257ac1c12a072cd22bad70', 'k3q55aHgiIs=', 'reecher', 'Reecher-26978733417', NULL, NULL, NULL, NULL, 'bSOVWTowmItyBtn', '2014-03-06 14:33:23')[0m
  [1m[35mSQL (0.2ms)[0m  INSERT INTO `user_profiles` (`bio`, `reecher_fav_books`, `reecher_fav_cuisines`, `reecher_fav_destinations`, `reecher_fav_movies`, `reecher_fav_music`, `reecher_fav_sports`, `reecher_hobbies`, `reecher_id`, `reecher_interests`, `snippet`) VALUES (NULL, NULL, NULL, NULL, NULL, NULL, NULL, NULL, 'Reecher-26978733417', NULL, NULL)
  [1m[36m (2.8ms)[0m  [1mCOMMIT[0m
  [1m[35m (0.1ms)[0m  BEGIN
  [1m[36mApiKey Exists (0.6ms)[0m  [1mSELECT 1 AS one FROM `api_keys` WHERE `api_keys`.`access_token` = '6e7bddf45f81230250a2b0e8b5904a69' LIMIT 1[0m
  [1m[35mSQL (0.9ms)[0m  INSERT INTO `api_keys` (`access_token`, `created_at`, `updated_at`, `user_id`) VALUES ('6e7bddf45f81230250a2b0e8b5904a69', '2014-03-06 14:33:23', '2014-03-06 14:33:23', NULL)
  [1m[36m (0.7ms)[0m  [1mCOMMIT[0m
Completed 406 Not Acceptable in 140ms (Views: 0.3ms | ActiveRecord: 9.8ms)


Started POST "/api/v1/signup" for 192.168.1.64 at 2014-03-06 06:34:14 -0800
Processing by Api::V1::UsersController#create as JSON
  Parameters: {"user"=>{"first_name"=>"This", "last_name"=>"ISNOT", "email"=>"working@rsystems3.com", "password"=>"[FILTERED]", "password_confirmation"=>"[FILTERED]"}}
  [1m[35m (0.1ms)[0m  BEGIN
  [1m[36mUser Exists (0.6ms)[0m  [1mSELECT 1 AS one FROM `users` WHERE `users`.`email` = 'working@rsystems3.com' LIMIT 1[0m
  [1m[35mUser Exists (0.2ms)[0m  SELECT 1 AS one FROM `users` WHERE `users`.`persistence_token` = BINARY '1569b8b22da10309aac953cce8abe51e34d3a5303ae92031a3c1fe511a4fb6c959c07727366b123fc37ba26d186030e91ac149b2ecdde58076e5f3f354e917ec' LIMIT 1
  [1m[36mUser Exists (0.4ms)[0m  [1mSELECT 1 AS one FROM `users` WHERE `users`.`single_access_token` = BINARY 'rwWvUI0LfwFSVo3Fza8' LIMIT 1[0m
  [1m[35mUser Load (0.5ms)[0m  SELECT `users`.* FROM `users` WHERE `users`.`id` = 1 LIMIT 1
  [1m[36m (0.8ms)[0m  [1mUPDATE `users` SET `last_request_at` = '2014-03-06 14:34:14', `updated_at` = '2014-03-06 14:34:14', `omniauth_data` = 'null' WHERE `users`.`id` = 1[0m
  [1m[35mUser Exists (0.1ms)[0m  SELECT 1 AS one FROM `users` WHERE `users`.`profile_id` = 'wsPsbxibXhM=' LIMIT 1
  [1m[36mUser Exists (0.1ms)[0m  [1mSELECT 1 AS one FROM `users` WHERE `users`.`reecher_id` = 'Reecher-52488083289' LIMIT 1[0m
  [1m[35mSQL (2.1ms)[0m  INSERT INTO `users` (`created_at`, `crypted_password`, `current_login_at`, `current_login_ip`, `email`, `encrypted_password`, `failed_login_count`, `first_name`, `last_login_at`, `last_login_ip`, `last_name`, `last_request_at`, `level`, `login_count`, `omniauth_data`, `password_salt`, `persistence_token`, `profile_id`, `profile_name`, `reecher_id`, `remember_created_at`, `reset_password_sent_at`, `reset_password_token`, `sash_id`, `single_access_token`, `updated_at`) VALUES ('2014-03-06 14:34:14', '0f818714a80b0b830e789ad8a60153f432d6e0fc1195e725dbbc2e63f0b793a2f72fd48ac123ea7dcfb76af4e4fb5fd82661e2ad7978eb83434ec0ee4bbac164', NULL, NULL, 'working@rsystems3.com', '', 0, 'This', NULL, NULL, 'ISNOT', NULL, 0, 0, NULL, 'c1LH3oUOpPuHioMQu7u', '1569b8b22da10309aac953cce8abe51e34d3a5303ae92031a3c1fe511a4fb6c959c07727366b123fc37ba26d186030e91ac149b2ecdde58076e5f3f354e917ec', 'wsPsbxibXhM=', 'reecher', 'Reecher-52488083289', NULL, NULL, NULL, NULL, 'rwWvUI0LfwFSVo3Fza8', '2014-03-06 14:34:14')
  [1m[36mSQL (0.2ms)[0m  [1mINSERT INTO `user_profiles` (`bio`, `reecher_fav_books`, `reecher_fav_cuisines`, `reecher_fav_destinations`, `reecher_fav_movies`, `reecher_fav_music`, `reecher_fav_sports`, `reecher_hobbies`, `reecher_id`, `reecher_interests`, `snippet`) VALUES (NULL, NULL, NULL, NULL, NULL, NULL, NULL, NULL, 'Reecher-52488083289', NULL, NULL)[0m
  [1m[35m (1.0ms)[0m  COMMIT
  [1m[36m (0.1ms)[0m  [1mBEGIN[0m
  [1m[35mApiKey Exists (0.3ms)[0m  SELECT 1 AS one FROM `api_keys` WHERE `api_keys`.`access_token` = '90a7a32c480dd83c88bb950b40427768' LIMIT 1
  [1m[36mSQL (0.9ms)[0m  [1mINSERT INTO `api_keys` (`access_token`, `created_at`, `updated_at`, `user_id`) VALUES ('90a7a32c480dd83c88bb950b40427768', '2014-03-06 14:34:14', '2014-03-06 14:34:14', NULL)[0m
  [1m[35m (0.7ms)[0m  COMMIT
Completed 200 OK in 134ms (Views: 0.3ms | ActiveRecord: 9.7ms)
